<?xml version="1.0" encoding="UTF-8"?>
<!-- Generated by org.testng.reporters.JUnitReportReporter -->
<testsuite skipped="0" hostname="prateek-Lenovo-G560" name="com.test.BrowserTest" tests="2" failures="0" timestamp="04 Jul 2017 09:52:43 GMT" time="0.034" errors="0">
  <testcase name="testCaseOne" time="0.028" classname="com.test.BrowserTest"/>
  <testcase name="testCaseTwo" time="0.006" classname="com.test.BrowserTest"/>
</testsuite> <!-- com.test.BrowserTest -->
