<?xml version="1.0" encoding="UTF-8"?>
<!-- Generated by org.testng.reporters.JUnitReportReporter -->
<testsuite name="com.test.DemoTestng" tests="1" time="0.632" ignored="0" failures="0" timestamp="16 Mar 2017 12:24:22 GMT" skipped="0" hostname="swapnil-Vostro-1400" errors="0">
  <testcase name="search" time="0.632" classname="com.test.DemoTestng"/>
</testsuite> <!-- com.test.DemoTestng -->
