<?xml version="1.0" encoding="UTF-8"?>
<!-- Generated by org.testng.reporters.JUnitReportReporter -->
<testsuite skipped="0" hostname="prateek-Lenovo-G560" name="com.test.ClickAcadamy" tests="3" failures="0" timestamp="26 Apr 2017 11:14:03 GMT" time="5.793" errors="0">
  <testcase name="launchBrowser" time="5.231" classname="com.test.ClickAcadamy"/>
  <testcase name="clickTabs" time="0.485" classname="com.test.ClickAcadamy"/>
  <testcase name="closeBrowser" time="0.077" classname="com.test.ClickAcadamy"/>
</testsuite> <!-- com.test.ClickAcadamy -->
