<?xml version="1.0" encoding="UTF-8"?>
<!-- Generated by org.testng.reporters.JUnitReportReporter -->
<testsuite skipped="0" hostname="prateek-Lenovo-G560" name="com.test.DropDown" tests="1" failures="0" timestamp="21 Apr 2017 11:38:54 GMT" time="5.943" errors="0">
  <testcase name="allSelectedDropdown" time="5.943" classname="com.test.DropDown"/>
</testsuite> <!-- com.test.DropDown -->
